<?xml version="1.0" encoding="UTF-8"?>
<!-- Generated by org.testng.reporters.JUnitXMLReporter -->
<testsuite ignored="0" hostname="DESKTOP-QK46S2F" failures="0" tests="3" name="Default test" time="0.079" errors="0" timestamp="2023-02-28T16:48:11 GMT">
  <testcase classname="com.TestNG.BeforeSuite_AfterSuite" name="@BeforeSuite browserLaunch" time="1.802">
    <failure type="org.openqa.selenium.SessionNotCreatedException" message="session not created: This version of ChromeDriver only supports Chrome version 107
Current browser version is 110.0.5481.178 with binary path C:\Program Files (x86)\Google\Chrome\Application\chrome.exe
Build info: version: &amp;apos;3.141.59&amp;apos;, revision: &amp;apos;e82be7d358&amp;apos;, time: &amp;apos;2018-11-14T08:17:03&amp;apos;
System info: host: &amp;apos;DESKTOP-QK46S2F&amp;apos;, ip: &amp;apos;192.168.0.15&amp;apos;, os.name: &amp;apos;Windows 10&amp;apos;, os.arch: &amp;apos;amd64&amp;apos;, os.version: &amp;apos;10.0&amp;apos;, java.version: &amp;apos;17.0.4&amp;apos;
Driver info: driver.version: ChromeDriver
remote stacktrace: Backtrace:
	Ordinal0 [0x00A7ACD3+2075859]
	Ordinal0 [0x00A0EE61+1633889]
	Ordinal0 [0x0090B7BD+571325]
	Ordinal0 [0x0092DFCD+712653]
	Ordinal0 [0x00929266+692838]
	Ordinal0 [0x00926BE9+682985]
	Ordinal0 [0x0095DBD3+908243]
	Ordinal0 [0x0095D6AA+906922]
	Ordinal0 [0x00957136+880950]
	Ordinal0 [0x0092FEFD+720637]
	Ordinal0 [0x00930F3F+724799]
	GetHandleVerifier [0x00D2EED2+2769538]
	GetHandleVerifier [0x00D20D95+2711877]
	GetHandleVerifier [0x00B0A03A+521194]
	GetHandleVerifier [0x00B08DA0+516432]
	Ordinal0 [0x00A1682C+1665068]
	Ordinal0 [0x00A1B128+1683752]
	Ordinal0 [0x00A1B215+1683989]
	Ordinal0 [0x00A26484+1729668]
	BaseThreadInitThunk [0x756100F9+25]
	RtlGetAppContainerNamedObjectPath [0x77797BBE+286]
	RtlGetAppContainerNamedObjectPath [0x77797B8E+238]
">
      <![CDATA[org.openqa.selenium.SessionNotCreatedException: session not created: This version of ChromeDriver only supports Chrome version 107
Current browser version is 110.0.5481.178 with binary path C:\Program Files (x86)\Google\Chrome\Application\chrome.exe
Build info: version: '3.141.59', revision: 'e82be7d358', time: '2018-11-14T08:17:03'
System info: host: 'DESKTOP-QK46S2F', ip: '192.168.0.15', os.name: 'Windows 10', os.arch: 'amd64', os.version: '10.0', java.version: '17.0.4'
Driver info: driver.version: ChromeDriver
remote stacktrace: Backtrace:
Ordinal0 [0x00A7ACD3+2075859]
Ordinal0 [0x00A0EE61+1633889]
Ordinal0 [0x0090B7BD+571325]
Ordinal0 [0x0092DFCD+712653]
Ordinal0 [0x00929266+692838]
Ordinal0 [0x00926BE9+682985]
Ordinal0 [0x0095DBD3+908243]
Ordinal0 [0x0095D6AA+906922]
Ordinal0 [0x00957136+880950]
Ordinal0 [0x0092FEFD+720637]
Ordinal0 [0x00930F3F+724799]
GetHandleVerifier [0x00D2EED2+2769538]
GetHandleVerifier [0x00D20D95+2711877]
GetHandleVerifier [0x00B0A03A+521194]
GetHandleVerifier [0x00B08DA0+516432]
Ordinal0 [0x00A1682C+1665068]
Ordinal0 [0x00A1B128+1683752]
Ordinal0 [0x00A1B215+1683989]
Ordinal0 [0x00A26484+1729668]
BaseThreadInitThunk [0x756100F9+25]
RtlGetAppContainerNamedObjectPath [0x77797BBE+286]
RtlGetAppContainerNamedObjectPath [0x77797B8E+238]

at java.base/jdk.internal.reflect.NativeConstructorAccessorImpl.newInstance0(Native Method)
at java.base/jdk.internal.reflect.NativeConstructorAccessorImpl.newInstance(NativeConstructorAccessorImpl.java:77)
at java.base/jdk.internal.reflect.DelegatingConstructorAccessorImpl.newInstance(DelegatingConstructorAccessorImpl.java:45)
at java.base/java.lang.reflect.Constructor.newInstanceWithCaller(Constructor.java:499)
at java.base/java.lang.reflect.Constructor.newInstance(Constructor.java:480)
at org.openqa.selenium.remote.W3CHandshakeResponse.lambda$errorHandler$0(W3CHandshakeResponse.java:62)
at org.openqa.selenium.remote.HandshakeResponse.lambda$getResponseFunction$0(HandshakeResponse.java:30)
at org.openqa.selenium.remote.ProtocolHandshake.lambda$createSession$0(ProtocolHandshake.java:126)
at java.base/java.util.stream.ReferencePipeline$3$1.accept(ReferencePipeline.java:197)
at java.base/java.util.Spliterators$ArraySpliterator.tryAdvance(Spliterators.java:1002)
at java.base/java.util.stream.ReferencePipeline.forEachWithCancel(ReferencePipeline.java:129)
at java.base/java.util.stream.AbstractPipeline.copyIntoWithCancel(AbstractPipeline.java:527)
at java.base/java.util.stream.AbstractPipeline.copyInto(AbstractPipeline.java:513)
at java.base/java.util.stream.AbstractPipeline.wrapAndCopyInto(AbstractPipeline.java:499)
at java.base/java.util.stream.FindOps$FindOp.evaluateSequential(FindOps.java:150)
at java.base/java.util.stream.AbstractPipeline.evaluate(AbstractPipeline.java:234)
at java.base/java.util.stream.ReferencePipeline.findFirst(ReferencePipeline.java:647)
at org.openqa.selenium.remote.ProtocolHandshake.createSession(ProtocolHandshake.java:128)
at org.openqa.selenium.remote.ProtocolHandshake.createSession(ProtocolHandshake.java:74)
at org.openqa.selenium.remote.HttpCommandExecutor.execute(HttpCommandExecutor.java:136)
at org.openqa.selenium.remote.service.DriverCommandExecutor.execute(DriverCommandExecutor.java:83)
at org.openqa.selenium.remote.RemoteWebDriver.execute(RemoteWebDriver.java:552)
at org.openqa.selenium.remote.RemoteWebDriver.startSession(RemoteWebDriver.java:213)
at org.openqa.selenium.remote.RemoteWebDriver.<init>(RemoteWebDriver.java:131)
at org.openqa.selenium.chrome.ChromeDriver.<init>(ChromeDriver.java:181)
at org.openqa.selenium.chrome.ChromeDriver.<init>(ChromeDriver.java:168)
at org.openqa.selenium.chrome.ChromeDriver.<init>(ChromeDriver.java:123)
at com.TestNG.BeforeSuite_AfterSuite.browserLaunch(BeforeSuite_AfterSuite.java:20)
at java.base/jdk.internal.reflect.NativeMethodAccessorImpl.invoke0(Native Method)
at java.base/jdk.internal.reflect.NativeMethodAccessorImpl.invoke(NativeMethodAccessorImpl.java:77)
at java.base/jdk.internal.reflect.DelegatingMethodAccessorImpl.invoke(DelegatingMethodAccessorImpl.java:43)
at java.base/java.lang.reflect.Method.invoke(Method.java:568)
at org.testng.internal.MethodInvocationHelper.invokeMethod(MethodInvocationHelper.java:133)
at org.testng.internal.MethodInvocationHelper.invokeMethodConsideringTimeout(MethodInvocationHelper.java:62)
at org.testng.internal.ConfigInvoker.invokeConfigurationMethod(ConfigInvoker.java:385)
at org.testng.internal.ConfigInvoker.invokeConfigurations(ConfigInvoker.java:321)
at org.testng.SuiteRunner.privateRun(SuiteRunner.java:317)
at org.testng.SuiteRunner.run(SuiteRunner.java:276)
at org.testng.SuiteRunnerWorker.runSuite(SuiteRunnerWorker.java:53)
at org.testng.SuiteRunnerWorker.run(SuiteRunnerWorker.java:96)
at org.testng.TestNG.runSuitesSequentially(TestNG.java:1212)
at org.testng.TestNG.runSuitesLocally(TestNG.java:1134)
at org.testng.TestNG.runSuites(TestNG.java:1063)
at org.testng.TestNG.run(TestNG.java:1031)
at org.testng.remote.AbstractRemoteTestNG.run(AbstractRemoteTestNG.java:115)
at org.testng.remote.RemoteTestNG.initAndRun(RemoteTestNG.java:251)
at org.testng.remote.RemoteTestNG.main(RemoteTestNG.java:77)
]]>
    </failure>
  </testcase> <!-- @BeforeSuite browserLaunch -->
  <testcase classname="com.TestNG.BeforeSuite_AfterSuite" name="faceBook" time="0.0">
    <skipped/>
  </testcase> <!-- faceBook -->
  <testcase classname="com.TestNG.BeforeSuite_AfterSuite" name="instagram" time="0.0">
    <skipped/>
  </testcase> <!-- instagram -->
  <testcase classname="com.TestNG.BeforeSuite_AfterSuite" name="youtube" time="0.0">
    <skipped/>
  </testcase> <!-- youtube -->
</testsuite> <!-- Default test -->
